<?xml version="1.0" encoding="UTF-8"?>
<testsuite name="PingPongTest" tests="3" skipped="0" failures="0" errors="0" timestamp="2016-02-08T22:30:08" hostname="epicodus-59.local" time="0.002">
  <properties/>
  <testcase name="isPingPong_forNumberDivisibleByThree_ping" classname="PingPongTest" time="0.001"/>
  <testcase name="isPingPong_forNumberDivisibleByFifteen_pingpong" classname="PingPongTest" time="0.0"/>
  <testcase name="isPingPong_forNumberDivisibleByFive_pong" classname="PingPongTest" time="0.0"/>
  <system-out><![CDATA[]]></system-out>
  <system-err><![CDATA[]]></system-err>
</testsuite>
